<?xml version="1.0" encoding="UTF-8"?>
<!-- Generated by org.testng.reporters.JUnitReportReporter -->
<testsuite hostname="LAPTOP-CVR9HVBP" failures="0" tests="5" name="TESTCASES.test_firefox" time="397.301" errors="0" timestamp="2020-03-25T15:45:21 IST" skipped="0">
  <testcase classname="TESTCASES.test_firefox" name="f" time="37.912"/>
  <system-out/>
  <testcase classname="TESTCASES.test_firefox" name="f" time="55.263"/>
  <system-out/>
  <testcase classname="TESTCASES.test_firefox" name="f" time="76.365"/>
  <system-out/>
  <testcase classname="TESTCASES.test_firefox" name="f" time="92.057"/>
  <system-out/>
  <testcase classname="TESTCASES.test_firefox" name="f" time="135.704"/>
  <system-out/>
</testsuite> <!-- TESTCASES.test_firefox -->
