<?xml version="1.0" encoding="UTF-8"?>
<!-- Generated by org.testng.reporters.JUnitReportReporter -->
<testsuite hostname="LAPTOP-CVR9HVBP" failures="0" tests="1" name="TESTCASES.NewTest1" time="38.895" errors="0" timestamp="2020-03-29T23:35:13 IST" skipped="0">
  <testcase classname="TESTCASES.NewTest1" name="add_task_delete" time="38.895"/>
  <system-out/>
</testsuite> <!-- TESTCASES.NewTest1 -->
